This is pdfTeX, Version 3.141592653-2.6-1.40.24 (TeX Live 2022) (preloaded format=pdflatex 2022.9.17)  18 FEB 2023 12:40
entering extended mode
 restricted \write18 enabled.
 %&-line parsing enabled.
**main.tex
(./main.tex
LaTeX2e <2021-11-15> patch level 1
L3 programming layer <2022-02-24>
! Undefined control sequence.
l.1 \chapter
            {–ü—Ä–∞–∫—Ç–∏—á–µ—Å–∫–∏–µ –∑–∞–¥–∞–Ω–∏—è}
The control sequence at the end of the top line
of your error message was never \def'ed. If you have
misspelled it (e.g., `\hobx'), type `I' and the correct
spelling (e.g., `I\hbox'). Otherwise just continue,
and I'll forget about whatever was undefined.


! LaTeX Error: Unicode character –ü (U+041F)
               not set up for use with LaTeX.

See the LaTeX manual or LaTeX Companion for explanation.
Type  H <return>  for immediate help.
 ...                                              
                                                  
l.1 \chapter{–ü
               —Ä–∞–∫—Ç–∏—á–µ—Å–∫–∏–µ –∑–∞–¥–∞–Ω–∏—è}
You may provide a definition with
\DeclareUnicodeCharacter 


! LaTeX Error: Unicode character —Ä (U+0440)
               not set up for use with LaTeX.

See the LaTeX manual or LaTeX Companion for explanation.
Type  H <return>  for immediate help.
 ...                                              
                                                  
l.1 \chapter{–ü—Ä
                 –∞–∫—Ç–∏—á–µ—Å–∫–∏–µ –∑–∞–¥–∞–Ω–∏—è}
You may provide a definition with
\DeclareUnicodeCharacter 


! LaTeX Error: Unicode character –∞ (U+0430)
               not set up for use with LaTeX.

See the LaTeX manual or LaTeX Companion for explanation.
Type  H <return>  for immediate help.
 ...                                              
                                                  
l.1 \chapter{–ü—Ä–∞
                   –∫—Ç–∏—á–µ—Å–∫–∏–µ –∑–∞–¥–∞–Ω–∏—è}
You may provide a definition with
\DeclareUnicodeCharacter 


! LaTeX Error: Unicode character –∫ (U+043A)
               not set up for use with LaTeX.

See the LaTeX manual or LaTeX Companion for explanation.
Type  H <return>  for immediate help.
 ...                                              
                                                  
l.1 \chapter{–ü—Ä–∞–∫
                     —Ç–∏—á–µ—Å–∫–∏–µ –∑–∞–¥–∞–Ω–∏—è}
You may provide a definition with
\DeclareUnicodeCharacter 


! LaTeX Error: Unicode character —Ç (U+0442)
               not set up for use with LaTeX.

See the LaTeX manual or LaTeX Companion for explanation.
Type  H <return>  for immediate help.
 ...                                              
                                                  
l.1 \chapter{–ü—Ä–∞–∫—Ç
                       –∏—á–µ—Å–∫–∏–µ –∑–∞–¥–∞–Ω–∏—è}
You may provide a definition with
\DeclareUnicodeCharacter 


! LaTeX Error: Unicode character –∏ (U+0438)
               not set up for use with LaTeX.

See the LaTeX manual or LaTeX Companion for explanation.
Type  H <return>  for immediate help.
 ...                                              
                                                  
l.1 \chapter{–ü—Ä–∞–∫—Ç–∏
                         —á–µ—Å–∫–∏–µ –∑–∞–¥–∞–Ω–∏—è}
You may provide a definition with
\DeclareUnicodeCharacter 


! LaTeX Error: Unicode character —á (U+0447)
               not set up for use with LaTeX.

See the LaTeX manual or LaTeX Companion for explanation.
Type  H <return>  for immediate help.
 ...                                              
                                                  
l.1 \chapter{–ü—Ä–∞–∫—Ç–∏—á
                           –µ—Å–∫–∏–µ –∑–∞–¥–∞–Ω–∏—è}
You may provide a definition with
\DeclareUnicodeCharacter 


! LaTeX Error: Unicode character –µ (U+0435)
               not set up for use with LaTeX.

See the LaTeX manual or LaTeX Companion for explanation.
Type  H <return>  for immediate help.
 ...                                              
                                                  
l.1 \chapter{–ü—Ä–∞–∫—Ç–∏—á–µ
                             —Å–∫–∏–µ –∑–∞–¥–∞–Ω–∏—è}
You may provide a definition with
\DeclareUnicodeCharacter 


! LaTeX Error: Unicode character —Å (U+0441)
               not set up for use with LaTeX.

See the LaTeX manual or LaTeX Companion for explanation.
Type  H <return>  for immediate help.
 ...                                              
                                                  
l.1 \chapter{–ü—Ä–∞–∫—Ç–∏—á–µ—Å
                               –∫–∏–µ –∑–∞–¥–∞–Ω–∏—è}
You may provide a definition with
\DeclareUnicodeCharacter 


! LaTeX Error: Unicode character –∫ (U+043A)
               not set up for use with LaTeX.

See the LaTeX manual or LaTeX Companion for explanation.
Type  H <return>  for immediate help.
 ...                                              
                                                  
l.1 \chapter{–ü—Ä–∞–∫—Ç–∏—á–µ—Å–∫
                                 –∏–µ –∑–∞–¥–∞–Ω–∏—è}
You may provide a definition with
\DeclareUnicodeCharacter 


! LaTeX Error: Unicode character –∏ (U+0438)
               not set up for use with LaTeX.

See the LaTeX manual or LaTeX Companion for explanation.
Type  H <return>  for immediate help.
 ...                                              
                                                  
l.1 \chapter{–ü—Ä–∞–∫—Ç–∏—á–µ—Å–∫–∏
                                   –µ –∑–∞–¥–∞–Ω–∏—è}
You may provide a definition with
\DeclareUnicodeCharacter 


! LaTeX Error: Unicode character –µ (U+0435)
               not set up for use with LaTeX.

See the LaTeX manual or LaTeX Companion for explanation.
Type  H <return>  for immediate help.
 ...                                              
                                                  
l.1 \chapter{–ü—Ä–∞–∫—Ç–∏—á–µ—Å–∫–∏–µ
                                      –∑–∞–¥–∞–Ω–∏—è}
You may provide a definition with
\DeclareUnicodeCharacter 


! LaTeX Error: Unicode character –∑ (U+0437)
               not set up for use with LaTeX.

See the LaTeX manual or LaTeX Companion for explanation.
Type  H <return>  for immediate help.
 ...                                              
                                                  
l.1 \chapter{–ü—Ä–∞–∫—Ç–∏—á–µ—Å–∫–∏–µ –∑
                                        –∞–¥–∞–Ω–∏—è}
You may provide a definition with
\DeclareUnicodeCharacter 


! LaTeX Error: Unicode character –∞ (U+0430)
               not set up for use with LaTeX.

See the LaTeX manual or LaTeX Companion for explanation.
Type  H <return>  for immediate help.
 ...                                              
                                                  
l.1 \chapter{–ü—Ä–∞–∫—Ç–∏—á–µ—Å–∫–∏–µ –∑–∞
                                          –¥–∞–Ω–∏—è}
You may provide a definition with
\DeclareUnicodeCharacter 


! LaTeX Error: Unicode character –¥ (U+0434)
               not set up for use with LaTeX.

See the LaTeX manual or LaTeX Companion for explanation.
Type  H <return>  for immediate help.
 ...                                              
                                                  
l.1 \chapter{–ü—Ä–∞–∫—Ç–∏—á–µ—Å–∫–∏–µ –∑–∞–¥
                                            –∞–Ω–∏—è}
You may provide a definition with
\DeclareUnicodeCharacter 


! LaTeX Error: Unicode character –∞ (U+0430)
               not set up for use with LaTeX.

See the LaTeX manual or LaTeX Companion for explanation.
Type  H <return>  for immediate help.
 ...                                              
                                                  
l.1 \chapter{–ü—Ä–∞–∫—Ç–∏—á–µ—Å–∫–∏–µ –∑–∞–¥–∞
                                              –Ω–∏—è}
You may provide a definition with
\DeclareUnicodeCharacter 


! LaTeX Error: Unicode character –Ω (U+043D)
               not set up for use with LaTeX.

See the LaTeX manual or LaTeX Companion for explanation.
Type  H <return>  for immediate help.
 ...                                              
                                                  
l.1 \chapter{–ü—Ä–∞–∫—Ç–∏—á–µ—Å–∫–∏–µ –∑–∞–¥–∞–Ω
                                                –∏—è}
You may provide a definition with
\DeclareUnicodeCharacter 


! LaTeX Error: Unicode character –∏ (U+0438)
               not set up for use with LaTeX.

See the LaTeX manual or LaTeX Companion for explanation.
Type  H <return>  for immediate help.
 ...                                              
                                                  
l.1 \chapter{–ü—Ä–∞–∫—Ç–∏—á–µ—Å–∫–∏–µ –∑–∞–¥–∞–Ω–∏
                                                  —è}
You may provide a definition with
\DeclareUnicodeCharacter 


! LaTeX Error: Unicode character —è (U+044F)
               not set up for use with LaTeX.

See the LaTeX manual or LaTeX Companion for explanation.
Type  H <return>  for immediate help.
 ...                                              
                                                  
l.1 ...ter{–ü—Ä–∞–∫—Ç–∏—á–µ—Å–∫–∏–µ –∑–∞–¥–∞–Ω–∏—è
                                                  }
You may provide a definition with
\DeclareUnicodeCharacter 

! Undefined control sequence.
l.3 \section
            *{–ó–∞–¥–∞–Ω–∏–µ 1. –°–æ—Å—Ç–∞–≤–∏—Ç—å –¥–∏–∞–≥—Ä–∞–º–º—É –≤—ã—á...
The control sequence at the end of the top line
of your error message was never \def'ed. If you have
misspelled it (e.g., `\hobx'), type `I' and the correct
spelling (e.g., `I\hbox'). Otherwise just continue,
and I'll forget about whatever was undefined.


! LaTeX Error: Missing \begin{document}.

See the LaTeX manual or LaTeX Companion for explanation.
Type  H <return>  for immediate help.
 ...                                              
                                                  
l.3 \section*
             {–ó–∞–¥–∞–Ω–∏–µ 1. –°–æ—Å—Ç–∞–≤–∏—Ç—å –¥–∏–∞–≥—Ä–∞–º–º—É –≤—ã—á...

You're in trouble here.  Try typing  <return>  to proceed.
If that doesn't work, type  X <return>  to quit.

Missing character: There is no * in font nullfont!

! LaTeX Error: Unicode character –ó (U+0417)
               not set up for use with LaTeX.

See the LaTeX manual or LaTeX Companion for explanation.
Type  H <return>  for immediate help.
 ...                                              
                                                  
l.3 \section*{–ó
                –∞–¥–∞–Ω–∏–µ 1. –°–æ—Å—Ç–∞–≤–∏—Ç—å –¥–∏–∞–≥—Ä–∞–º–º—É –≤—ã—á...

You may provide a definition with
\DeclareUnicodeCharacter 


! LaTeX Error: Unicode character –∞ (U+0430)
               not set up for use with LaTeX.

See the LaTeX manual or LaTeX Companion for explanation.
Type  H <return>  for immediate help.
 ...                                              
                                                  
l.3 \section*{–ó–∞
                  –¥–∞–Ω–∏–µ 1. –°–æ—Å—Ç–∞–≤–∏—Ç—å –¥–∏–∞–≥—Ä–∞–º–º—É –≤—ã—á...

You may provide a definition with
\DeclareUnicodeCharacter 


! LaTeX Error: Unicode character –¥ (U+0434)
               not set up for use with LaTeX.

See the LaTeX manual or LaTeX Companion for explanation.
Type  H <return>  for immediate help.
 ...                                              
                                                  
l.3 \section*{–ó–∞–¥
                    –∞–Ω–∏–µ 1. –°–æ—Å—Ç–∞–≤–∏—Ç—å –¥–∏–∞–≥—Ä–∞–º–º—É –≤—ã—á...

You may provide a definition with
\DeclareUnicodeCharacter 


! LaTeX Error: Unicode character –∞ (U+0430)
               not set up for use with LaTeX.

See the LaTeX manual or LaTeX Companion for explanation.
Type  H <return>  for immediate help.
 ...                                              
                                                  
l.3 \section*{–ó–∞–¥–∞
                      –Ω–∏–µ 1. –°–æ—Å—Ç–∞–≤–∏—Ç—å –¥–∏–∞–≥—Ä–∞–º–º—É –≤—ã—á...

You may provide a definition with
\DeclareUnicodeCharacter 


! LaTeX Error: Unicode character –Ω (U+043D)
               not set up for use with LaTeX.

See the LaTeX manual or LaTeX Companion for explanation.
Type  H <return>  for immediate help.
 ...                                              
                                                  
l.3 \section*{–ó–∞–¥–∞–Ω
                        –∏–µ 1. –°–æ—Å—Ç–∞–≤–∏—Ç—å –¥–∏–∞–≥—Ä–∞–º–º—É –≤—ã—á...

You may provide a definition with
\DeclareUnicodeCharacter 


! LaTeX Error: Unicode character –∏ (U+0438)
               not set up for use with LaTeX.

See the LaTeX manual or LaTeX Companion for explanation.
Type  H <return>  for immediate help.
 ...                                              
                                                  
l.3 \section*{–ó–∞–¥–∞–Ω–∏
                          –µ 1. –°–æ—Å—Ç–∞–≤–∏—Ç—å –¥–∏–∞–≥—Ä–∞–º–º—É –≤—ã—á...

You may provide a definition with
\DeclareUnicodeCharacter 


! LaTeX Error: Unicode character –µ (U+0435)
               not set up for use with LaTeX.

See the LaTeX manual or LaTeX Companion for explanation.
Type  H <return>  for immediate help.
 ...                                              
                                                  
l.3 \section*{–ó–∞–¥–∞–Ω–∏–µ
                             1. –°–æ—Å—Ç–∞–≤–∏—Ç—å –¥–∏–∞–≥—Ä–∞–º–º—É –≤—ã—á...

You may provide a definition with
\DeclareUnicodeCharacter 

Missing character: There is no 1 in font nullfont!
Missing character: There is no . in font nullfont!

! LaTeX Error: Unicode character –° (U+0421)
               not set up for use with LaTeX.

See the LaTeX manual or LaTeX Companion for explanation.
Type  H <return>  for immediate help.
 ...                                              
                                                  
l.3 \section*{–ó–∞–¥–∞–Ω–∏–µ 1. –°
                                  –æ—Å—Ç–∞–≤–∏—Ç—å –¥–∏–∞–≥—Ä–∞–º–º—É –≤—ã—á...

You may provide a definition with
\DeclareUnicodeCharacter 


! LaTeX Error: Unicode character –æ (U+043E)
               not set up for use with LaTeX.

See the LaTeX manual or LaTeX Companion for explanation.
Type  H <return>  for immediate help.
 ...                                              
                                                  
l.3 \section*{–ó–∞–¥–∞–Ω–∏–µ 1. –°–æ
                                    —Å—Ç–∞–≤–∏—Ç—å –¥–∏–∞–≥—Ä–∞–º–º—É –≤—ã—á...

You may provide a definition with
\DeclareUnicodeCharacter 


! LaTeX Error: Unicode character —Å (U+0441)
               not set up for use with LaTeX.

See the LaTeX manual or LaTeX Companion for explanation.
Type  H <return>  for immediate help.
 ...                                              
                                                  
l.3 \section*{–ó–∞–¥–∞–Ω–∏–µ 1. –°–æ—Å
                                      —Ç–∞–≤–∏—Ç—å –¥–∏–∞–≥—Ä–∞–º–º—É –≤—ã—á...

You may provide a definition with
\DeclareUnicodeCharacter 


! LaTeX Error: Unicode character —Ç (U+0442)
               not set up for use with LaTeX.

See the LaTeX manual or LaTeX Companion for explanation.
Type  H <return>  for immediate help.
 ...                                              
                                                  
l.3 \section*{–ó–∞–¥–∞–Ω–∏–µ 1. –°–æ—Å—Ç
                                        –∞–≤–∏—Ç—å –¥–∏–∞–≥—Ä–∞–º–º—É –≤—ã—á...

You may provide a definition with
\DeclareUnicodeCharacter 


! LaTeX Error: Unicode character –∞ (U+0430)
               not set up for use with LaTeX.

See the LaTeX manual or LaTeX Companion for explanation.
Type  H <return>  for immediate help.
 ...                                              
                                                  
l.3 \section*{–ó–∞–¥–∞–Ω–∏–µ 1. –°–æ—Å—Ç–∞
                                          –≤–∏—Ç—å –¥–∏–∞–≥—Ä–∞–º–º—É –≤—ã—á...

You may provide a definition with
\DeclareUnicodeCharacter 


! LaTeX Error: Unicode character –≤ (U+0432)
               not set up for use with LaTeX.

See the LaTeX manual or LaTeX Companion for explanation.
Type  H <return>  for immediate help.
 ...                                              
                                                  
l.3 \section*{–ó–∞–¥–∞–Ω–∏–µ 1. –°–æ—Å—Ç–∞–≤
                                            –∏—Ç—å –¥–∏–∞–≥—Ä–∞–º–º—É –≤—ã—á...

You may provide a definition with
\DeclareUnicodeCharacter 


! LaTeX Error: Unicode character –∏ (U+0438)
               not set up for use with LaTeX.

See the LaTeX manual or LaTeX Companion for explanation.
Type  H <return>  for immediate help.
 ...                                              
                                                  
l.3 \section*{–ó–∞–¥–∞–Ω–∏–µ 1. –°–æ—Å—Ç–∞–≤–∏
                                              —Ç—å –¥–∏–∞–≥—Ä–∞–º–º—É –≤—ã—á...

You may provide a definition with
\DeclareUnicodeCharacter 


! LaTeX Error: Unicode character —Ç (U+0442)
               not set up for use with LaTeX.

See the LaTeX manual or LaTeX Companion for explanation.
Type  H <return>  for immediate help.
 ...                                              
                                                  
l.3 \section*{–ó–∞–¥–∞–Ω–∏–µ 1. –°–æ—Å—Ç–∞–≤–∏—Ç
                                                —å –¥–∏–∞–≥—Ä–∞–º–º—É –≤—ã—á...

You may provide a definition with
\DeclareUnicodeCharacter 


! LaTeX Error: Unicode character —å (U+044C)
               not set up for use with LaTeX.

See the LaTeX manual or LaTeX Companion for explanation.
Type  H <return>  for immediate help.
 ...                                              
                                                  
l.3 \section*{–ó–∞–¥–∞–Ω–∏–µ 1. –°–æ—Å—Ç–∞–≤–∏—Ç—å
                                                   –¥–∏–∞–≥—Ä–∞–º–º—É –≤—ã—á...

You may provide a definition with
\DeclareUnicodeCharacter 


! LaTeX Error: Unicode character –¥ (U+0434)
               not set up for use with LaTeX.

See the LaTeX manual or LaTeX Companion for explanation.
Type  H <return>  for immediate help.
 ...                                              
                                                  
l.3 ...on*{–ó–∞–¥–∞–Ω–∏–µ 1. –°–æ—Å—Ç–∞–≤–∏—Ç—å –¥
                                                  –∏–∞–≥—Ä–∞–º–º—É –≤—ã—á–∏—...

You may provide a definition with
\DeclareUnicodeCharacter 


! LaTeX Error: Unicode character –∏ (U+0438)
               not set up for use with LaTeX.

See the LaTeX manual or LaTeX Companion for explanation.
Type  H <return>  for immediate help.
 ...                                              
                                                  
l.3 ...*{–ó–∞–¥–∞–Ω–∏–µ 1. –°–æ—Å—Ç–∞–≤–∏—Ç—å –¥–∏
                                                  –∞–≥—Ä–∞–º–º—É –≤—ã—á–∏—Å–...

You may provide a definition with
\DeclareUnicodeCharacter 


! LaTeX Error: Unicode character –∞ (U+0430)
               not set up for use with LaTeX.

See the LaTeX manual or LaTeX Companion for explanation.
Type  H <return>  for immediate help.
 ...                                              
                                                  
l.3 ...–ó–∞–¥–∞–Ω–∏–µ 1. –°–æ—Å—Ç–∞–≤–∏—Ç—å –¥–∏–∞
                                                  –≥—Ä–∞–º–º—É –≤—ã—á–∏—Å–ª–...

You may provide a definition with
\DeclareUnicodeCharacter 


! LaTeX Error: Unicode character –≥ (U+0433)
               not set up for use with LaTeX.

See the LaTeX manual or LaTeX Companion for explanation.
Type  H <return>  for immediate help.
 ...                                              
                                                  
l.3 ...–∞–¥–∞–Ω–∏–µ 1. –°–æ—Å—Ç–∞–≤–∏—Ç—å –¥–∏–∞–≥
                                                  —Ä–∞–º–º—É –≤—ã—á–∏—Å–ª–µ–...

You may provide a definition with
\DeclareUnicodeCharacter 


! LaTeX Error: Unicode character —Ä (U+0440)
               not set up for use with LaTeX.

See the LaTeX manual or LaTeX Companion for explanation.
Type  H <return>  for immediate help.
 ...                                              
                                                  
l.3 ...–¥–∞–Ω–∏–µ 1. –°–æ—Å—Ç–∞–≤–∏—Ç—å –¥–∏–∞–≥—Ä
                                                  –∞–º–º—É –≤—ã—á–∏—Å–ª–µ–Ω–...

You may provide a definition with
\DeclareUnicodeCharacter 


! LaTeX Error: Unicode character –∞ (U+0430)
               not set up for use with LaTeX.

See the LaTeX manual or LaTeX Companion for explanation.
Type  H <return>  for immediate help.
 ...                                              
                                                  
l.3 ...–∞–Ω–∏–µ 1. –°–æ—Å—Ç–∞–≤–∏—Ç—å –¥–∏–∞–≥—Ä–∞
                                                  –º–º—É –≤—ã—á–∏—Å–ª–µ–Ω–∏—...

You may provide a definition with
\DeclareUnicodeCharacter 


! LaTeX Error: Unicode character –º (U+043C)
               not set up for use with LaTeX.

See the LaTeX manual or LaTeX Companion for explanation.
Type  H <return>  for immediate help.
 ...                                              
                                                  
l.3 ...–Ω–∏–µ 1. –°–æ—Å—Ç–∞–≤–∏—Ç—å –¥–∏–∞–≥—Ä–∞–º
                                                  –º—É –≤—ã—á–∏—Å–ª–µ–Ω–∏—è ...

You may provide a definition with
\DeclareUnicodeCharacter 


! LaTeX Error: Unicode character –º (U+043C)
               not set up for use with LaTeX.

See the LaTeX manual or LaTeX Companion for explanation.
Type  H <return>  for immediate help.
 ...                                              
                                                  
l.3 ...–∏–µ 1. –°–æ—Å—Ç–∞–≤–∏—Ç—å –¥–∏–∞–≥—Ä–∞–º–º
                                                  —É –≤—ã—á–∏—Å–ª–µ–Ω–∏—è —Å...

You may provide a definition with
\DeclareUnicodeCharacter 


! LaTeX Error: Unicode character —É (U+0443)
               not set up for use with LaTeX.

See the LaTeX manual or LaTeX Companion for explanation.
Type  H <return>  for immediate help.
 ...                                              
                                                  
l.3 ...–µ 1. –°–æ—Å—Ç–∞–≤–∏—Ç—å –¥–∏–∞–≥—Ä–∞–º–º—É
                                                   –≤—ã—á–∏—Å–ª–µ–Ω–∏—è —Å–ª...

You may provide a definition with
\DeclareUnicodeCharacter 


! LaTeX Error: Unicode character –≤ (U+0432)
               not set up for use with LaTeX.

See the LaTeX manual or LaTeX Companion for explanation.
Type  H <return>  for immediate help.
 ...                                              
                                                  
l.3 ...1. –°–æ—Å—Ç–∞–≤–∏—Ç—å –¥–∏–∞–≥—Ä–∞–º–º—É –≤
                                                  —ã—á–∏—Å–ª–µ–Ω–∏—è —Å–ª–µ–...

You may provide a definition with
\DeclareUnicodeCharacter 


! LaTeX Error: Unicode character —ã (U+044B)
               not set up for use with LaTeX.

See the LaTeX manual or LaTeX Companion for explanation.
Type  H <return>  for immediate help.
 ...                                              
                                                  
l.3 ... –°–æ—Å—Ç–∞–≤–∏—Ç—å –¥–∏–∞–≥—Ä–∞–º–º—É –≤—ã
                                                  —á–∏—Å–ª–µ–Ω–∏—è —Å–ª–µ–¥—...

You may provide a definition with
\DeclareUnicodeCharacter 


! LaTeX Error: Unicode character —á (U+0447)
               not set up for use with LaTeX.

See the LaTeX manual or LaTeX Companion for explanation.
Type  H <return>  for immediate help.
 ...                                              
                                                  
l.3 ...°–æ—Å—Ç–∞–≤–∏—Ç—å –¥–∏–∞–≥—Ä–∞–º–º—É –≤—ã—á
                                                  –∏—Å–ª–µ–Ω–∏—è —Å–ª–µ–¥—É—...

You may provide a definition with
\DeclareUnicodeCharacter 


! LaTeX Error: Unicode character –∏ (U+0438)
               not set up for use with LaTeX.

See the LaTeX manual or LaTeX Companion for explanation.
Type  H <return>  for immediate help.
 ...                                              
                                                  
l.3 ...æ—Å—Ç–∞–≤–∏—Ç—å –¥–∏–∞–≥—Ä–∞–º–º—É –≤—ã—á–∏
                                                  —Å–ª–µ–Ω–∏—è —Å–ª–µ–¥—É—é—...

You may provide a definition with
\DeclareUnicodeCharacter 


! LaTeX Error: Unicode character —Å (U+0441)
               not set up for use with LaTeX.

See the LaTeX manual or LaTeX Companion for explanation.
Type  H <return>  for immediate help.
 ...                                              
                                                  
l.3 ...Å—Ç–∞–≤–∏—Ç—å –¥–∏–∞–≥—Ä–∞–º–º—É –≤—ã—á–∏—Å
                                                  –ª–µ–Ω–∏—è —Å–ª–µ–¥—É—é—â–...

You may provide a definition with
\DeclareUnicodeCharacter 


! LaTeX Error: Unicode character –ª (U+043B)
               not set up for use with LaTeX.

See the LaTeX manual or LaTeX Companion for explanation.
Type  H <return>  for immediate help.
 ...                                              
                                                  
l.3 ...Ç–∞–≤–∏—Ç—å –¥–∏–∞–≥—Ä–∞–º–º—É –≤—ã—á–∏—Å–ª
                                                  –µ–Ω–∏—è —Å–ª–µ–¥—É—é—â–∏—...

You may provide a definition with
\DeclareUnicodeCharacter 


! LaTeX Error: Unicode character –µ (U+0435)
               not set up for use with LaTeX.

See the LaTeX manual or LaTeX Companion for explanation.
Type  H <return>  for immediate help.
 ...                                              
                                                  
l.3 ...∞–≤–∏—Ç—å –¥–∏–∞–≥—Ä–∞–º–º—É –≤—ã—á–∏—Å–ª–µ
                                                  –Ω–∏—è —Å–ª–µ–¥—É—é—â–∏—Ö ...

You may provide a definition with
\DeclareUnicodeCharacter 


! LaTeX Error: Unicode character –Ω (U+043D)
               not set up for use with LaTeX.

See the LaTeX manual or LaTeX Companion for explanation.
Type  H <return>  for immediate help.
 ...                                              
                                                  
l.3 ...≤–∏—Ç—å –¥–∏–∞–≥—Ä–∞–º–º—É –≤—ã—á–∏—Å–ª–µ–Ω
                                                  –∏—è —Å–ª–µ–¥—É—é—â–∏—Ö –≤...

You may provide a definition with
\DeclareUnicodeCharacter 


! LaTeX Error: Unicode character –∏ (U+0438)
               not set up for use with LaTeX.

See the LaTeX manual or LaTeX Companion for explanation.
Type  H <return>  for immediate help.
 ...                                              
                                                  
l.3 ...∏—Ç—å –¥–∏–∞–≥—Ä–∞–º–º—É –≤—ã—á–∏—Å–ª–µ–Ω–∏
                                                  —è —Å–ª–µ–¥—É—é—â–∏—Ö –≤—ã...

You may provide a definition with
\DeclareUnicodeCharacter 


! LaTeX Error: Unicode character —è (U+044F)
               not set up for use with LaTeX.

See the LaTeX manual or LaTeX Companion for explanation.
Type  H <return>  for immediate help.
 ...                                              
                                                  
l.3 ...Ç—å –¥–∏–∞–≥—Ä–∞–º–º—É –≤—ã—á–∏—Å–ª–µ–Ω–∏—è
                                                   —Å–ª–µ–¥—É—é—â–∏—Ö –≤—ã—Ä...

You may provide a definition with
\DeclareUnicodeCharacter 


! LaTeX Error: Unicode character —Å (U+0441)
               not set up for use with LaTeX.

See the LaTeX manual or LaTeX Companion for explanation.
Type  H <return>  for immediate help.
 ...                                              
                                                  
l.3 ... –¥–∏–∞–≥—Ä–∞–º–º—É –≤—ã—á–∏—Å–ª–µ–Ω–∏—è —Å
                                                  –ª–µ–¥—É—é—â–∏—Ö –≤—ã—Ä–∞–...

You may provide a definition with
\DeclareUnicodeCharacter 


! LaTeX Error: Unicode character –ª (U+043B)
               not set up for use with LaTeX.

See the LaTeX manual or LaTeX Companion for explanation.
Type  H <return>  for immediate help.
 ...                                              
                                                  
l.3 ...¥–∏–∞–≥—Ä–∞–º–º—É –≤—ã—á–∏—Å–ª–µ–Ω–∏—è —Å–ª
                                                  –µ–¥—É—é—â–∏—Ö –≤—ã—Ä–∞–∂–...

You may provide a definition with
\DeclareUnicodeCharacter 


! LaTeX Error: Unicode character –µ (U+0435)
               not set up for use with LaTeX.

See the LaTeX manual or LaTeX Companion for explanation.
Type  H <return>  for immediate help.
 ...                                              
                                                  
l.3 ...∏–∞–≥—Ä–∞–º–º—É –≤—ã—á–∏—Å–ª–µ–Ω–∏—è —Å–ª–µ
                                                  –¥—É—é—â–∏—Ö –≤—ã—Ä–∞–∂–µ–...

You may provide a definition with
\DeclareUnicodeCharacter 


! LaTeX Error: Unicode character –¥ (U+0434)
               not set up for use with LaTeX.

See the LaTeX manual or LaTeX Companion for explanation.
Type  H <return>  for immediate help.
 ...                                              
                                                  
l.3 ...∞–≥—Ä–∞–º–º—É –≤—ã—á–∏—Å–ª–µ–Ω–∏—è —Å–ª–µ–¥
                                                  —É—é—â–∏—Ö –≤—ã—Ä–∞–∂–µ–Ω–...

You may provide a definition with
\DeclareUnicodeCharacter 


! LaTeX Error: Unicode character —É (U+0443)
               not set up for use with LaTeX.

See the LaTeX manual or LaTeX Companion for explanation.
Type  H <return>  for immediate help.
 ...                                              
                                                  
l.3 ...≥—Ä–∞–º–º—É –≤—ã—á–∏—Å–ª–µ–Ω–∏—è —Å–ª–µ–¥—É
                                                  —é—â–∏—Ö –≤—ã—Ä–∞–∂–µ–Ω–∏–π:}

You may provide a definition with
\DeclareUnicodeCharacter 


! LaTeX Error: Unicode character —é (U+044E)
               not set up for use with LaTeX.

See the LaTeX manual or LaTeX Companion for explanation.
Type  H <return>  for immediate help.
 ...                                              
                                                  
l.3 ...Ä–∞–º–º—É –≤—ã—á–∏—Å–ª–µ–Ω–∏—è —Å–ª–µ–¥—É—é
                                                  —â–∏—Ö –≤—ã—Ä–∞–∂–µ–Ω–∏–π:}
You may provide a definition with
\DeclareUnicodeCharacter 


! LaTeX Error: Unicode character —â (U+0449)
               not set up for use with LaTeX.

See the LaTeX manual or LaTeX Companion for explanation.
Type  H <return>  for immediate help.
 ...                                              
                                                  
l.3 ...∞–º–º—É –≤—ã—á–∏—Å–ª–µ–Ω–∏—è —Å–ª–µ–¥—É—é—â
                                                  –∏—Ö –≤—ã—Ä–∞–∂–µ–Ω–∏–π:}
You may provide a definition with
\DeclareUnicodeCharacter 


! LaTeX Error: Unicode character –∏ (U+0438)
               not set up for use with LaTeX.

See the LaTeX manual or LaTeX Companion for explanation.
Type  H <return>  for immediate help.
 ...                                              
                                                  
l.3 ...º–º—É –≤—ã—á–∏—Å–ª–µ–Ω–∏—è —Å–ª–µ–¥—É—é—â–∏
                                                  —Ö –≤—ã—Ä–∞–∂–µ–Ω–∏–π:}
You may provide a definition with
\DeclareUnicodeCharacter 


! LaTeX Error: Unicode character —Ö (U+0445)
               not set up for use with LaTeX.

See the LaTeX manual or LaTeX Companion for explanation.
Type  H <return>  for immediate help.
 ...                                              
                                                  
l.3 ...º—É –≤—ã—á–∏—Å–ª–µ–Ω–∏—è —Å–ª–µ–¥—É—é—â–∏—Ö
                                                   –≤—ã—Ä–∞–∂–µ–Ω–∏–π:}
You may provide a definition with
\DeclareUnicodeCharacter 


! LaTeX Error: Unicode character –≤ (U+0432)
               not set up for use with LaTeX.

See the LaTeX manual or LaTeX Companion for explanation.
Type  H <return>  for immediate help.
 ...                                              
                                                  
l.3 ... –≤—ã—á–∏—Å–ª–µ–Ω–∏—è —Å–ª–µ–¥—É—é—â–∏—Ö –≤
                                                  —ã—Ä–∞–∂–µ–Ω–∏–π:}
You may provide a definition with
\DeclareUnicodeCharacter 


! LaTeX Error: Unicode character —ã (U+044B)
               not set up for use with LaTeX.

See the LaTeX manual or LaTeX Companion for explanation.
Type  H <return>  for immediate help.
 ...                                              
                                                  
l.3 ...≤—ã—á–∏—Å–ª–µ–Ω–∏—è —Å–ª–µ–¥—É—é—â–∏—Ö –≤—ã
                                                  —Ä–∞–∂–µ–Ω–∏–π:}
You may provide a definition with
\DeclareUnicodeCharacter 


! LaTeX Error: Unicode character —Ä (U+0440)
               not set up for use with LaTeX.

See the LaTeX manual or LaTeX Companion for explanation.
Type  H <return>  for immediate help.
 ...                                              
                                                  
l.3 ...ã—á–∏—Å–ª–µ–Ω–∏—è —Å–ª–µ–¥—É—é—â–∏—Ö –≤—ã—Ä
                                                  –∞–∂–µ–Ω–∏–π:}
You may provide a definition with
\DeclareUnicodeCharacter 


! LaTeX Error: Unicode character –∞ (U+0430)
               not set up for use with LaTeX.

See the LaTeX manual or LaTeX Companion for explanation.
Type  H <return>  for immediate help.
 ...                                              
                                                  
l.3 ...á–∏—Å–ª–µ–Ω–∏—è —Å–ª–µ–¥—É—é—â–∏—Ö –≤—ã—Ä–∞
                                                  –∂–µ–Ω–∏–π:}
You may provide a definition with
\DeclareUnicodeCharacter 


! LaTeX Error: Unicode character –∂ (U+0436)
               not set up for use with LaTeX.

See the LaTeX manual or LaTeX Companion for explanation.
Type  H <return>  for immediate help.
 ...                                              
                                                  
l.3 ...∏—Å–ª–µ–Ω–∏—è —Å–ª–µ–¥—É—é—â–∏—Ö –≤—ã—Ä–∞–∂
                                                  –µ–Ω–∏–π:}
You may provide a definition with
\DeclareUnicodeCharacter 


! LaTeX Error: Unicode character –µ (U+0435)
               not set up for use with LaTeX.

See the LaTeX manual or LaTeX Companion for explanation.
Type  H <return>  for immediate help.
 ...                                              
                                                  
l.3 ...Å–ª–µ–Ω–∏—è —Å–ª–µ–¥—É—é—â–∏—Ö –≤—ã—Ä–∞–∂–µ
                                                  –Ω–∏–π:}
You may provide a definition with
\DeclareUnicodeCharacter 


! LaTeX Error: Unicode character –Ω (U+043D)
               not set up for use with LaTeX.

See the LaTeX manual or LaTeX Companion for explanation.
Type  H <return>  for immediate help.
 ...                                              
                                                  
l.3 ...ª–µ–Ω–∏—è —Å–ª–µ–¥—É—é—â–∏—Ö –≤—ã—Ä–∞–∂–µ–Ω
                                                  –∏–π:}
You may provide a definition with
\DeclareUnicodeCharacter 


! LaTeX Error: Unicode character –∏ (U+0438)
               not set up for use with LaTeX.

See the LaTeX manual or LaTeX Companion for explanation.
Type  H <return>  for immediate help.
 ...                                              
                                                  
l.3 ...µ–Ω–∏—è —Å–ª–µ–¥—É—é—â–∏—Ö –≤—ã—Ä–∞–∂–µ–Ω–∏
                                                  –π:}
You may provide a definition with
\DeclareUnicodeCharacter 


! LaTeX Error: Unicode character –π (U+0439)
               not set up for use with LaTeX.

See the LaTeX manual or LaTeX Companion for explanation.
Type  H <return>  for immediate help.
 ...                                              
                                                  
l.3 ...Ω–∏—è —Å–ª–µ–¥—É—é—â–∏—Ö –≤—ã—Ä–∞–∂–µ–Ω–∏–π
                                                  :}
You may provide a definition with
\DeclareUnicodeCharacter 

Missing character: There is no : in font nullfont!

Overfull \hbox (20.0pt too wide) in paragraph at lines 3--4
[]
 []

! Undefined control sequence.
l.5 \includegraphics
                    {task1.1}
The control sequence at the end of the top line
of your error message was never \def'ed. If you have
misspelled it (e.g., `\hobx'), type `I' and the correct
spelling (e.g., `I\hbox'). Otherwise just continue,
and I'll forget about whatever was undefined.


! LaTeX Error: Missing \begin{document}.

See the LaTeX manual or LaTeX Companion for explanation.
Type  H <return>  for immediate help.
 ...                                              
                                                  
l.5 \includegraphics{t
                      ask1.1}
You're in trouble here.  Try typing  <return>  to proceed.
If that doesn't work, type  X <return>  to quit.

Missing character: There is no t in font nullfont!
Missing character: There is no a in font nullfont!
Missing character: There is no s in font nullfont!
Missing character: There is no k in font nullfont!
Missing character: There is no 1 in font nullfont!
Missing character: There is no . in font nullfont!
Missing character: There is no 1 in font nullfont!
)
! Emergency stop.
<*> main.tex
            
*** (job aborted, no legal \end found)

 
Here is how much of TeX's memory you used:
 44 strings out of 478268
 511 string characters out of 5846347
 289381 words of memory out of 5000000
 18353 multiletter control sequences out of 15000+600000
 469259 words of font info for 28 fonts, out of 8000000 for 9000
 1141 hyphenation exceptions out of 8191
 13i,0n,12p,167b,41s stack positions out of 10000i,1000n,20000p,200000b,200000s
!  ==> Fatal error occurred, no output PDF file produced!
